
-- Column specification ----------------------------------------------------------------------------------------------------------------------------------------------------------------------------------------------------
cols(
  X1 = col_character(),
  X2 = col_double(),
  X3 = col_double(),
  X4 = col_double()
)

[1] 3569512       4

-- Column specification ----------------------------------------------------------------------------------------------------------------------------------------------------------------------------------------------------
cols(
  X1 = col_character(),
  X2 = col_double(),
  X3 = col_double(),
  X4 = col_double()
)


-- Column specification ----------------------------------------------------------------------------------------------------------------------------------------------------------------------------------------------------
cols(
  X1 = col_character(),
  X2 = col_double(),
  X3 = col_double(),
  X4 = col_double()
)


-- Column specification ----------------------------------------------------------------------------------------------------------------------------------------------------------------------------------------------------
cols(
  X1 = col_character(),
  X2 = col_double(),
  X3 = col_double(),
  X4 = col_double()
)


-- Column specification ----------------------------------------------------------------------------------------------------------------------------------------------------------------------------------------------------
cols(
  X1 = col_character(),
  X2 = col_double(),
  X3 = col_double(),
  X4 = col_double()
)

[1] 156919
[1] 3387971
[1] 24622
[1] "total lines: 3569512"
[1] "line in: 3569512"
