Registered S3 methods overwritten by 'ggplot2':
  method         from 
  [.quosures     rlang
  c.quosures     rlang
  print.quosures rlang
Parsed with column specification:
cols(
  X1 = col_character(),
  X2 = col_double(),
  X3 = col_double(),
  X4 = col_double(),
  X5 = col_double()
)
Parsed with column specification:
cols(
  X1 = col_character(),
  X2 = col_double(),
  X3 = col_double(),
  X4 = col_double(),
  X5 = col_double()
)
Parsed with column specification:
cols(
  X1 = col_character(),
  X2 = col_double(),
  X3 = col_double(),
  X4 = col_double(),
  X5 = col_double()
)
Parsed with column specification:
cols(
  X1 = col_character(),
  X2 = col_double(),
  X3 = col_double(),
  X4 = col_double(),
  X5 = col_double()
)
Parsed with column specification:
cols(
  X1 = col_character(),
  X2 = col_double(),
  X3 = col_double(),
  X4 = col_double(),
  X5 = col_double()
)
Parsed with column specification:
cols(
  X1 = col_character(),
  X2 = col_double(),
  X3 = col_double(),
  X4 = col_double(),
  X5 = col_double()
)
Don't know how to automatically pick scale for object of type tbl_df/tbl/data.frame. Defaulting to continuous.
Error in is.finite(x) : default method not implemented for type 'list'
Calls: ggsave ... lapply -> FUN -> <Anonymous> -> f -> lapply -> FUN -> f
Execution halted
