Parsed with column specification:
cols(
  CHR = col_character(),
  POS = col_double(),
  F1toF18 = col_double(),
  F1toF28 = col_double(),
  F1toF58 = col_double(),
  F1toF27 = col_double(),
  F1toF50 = col_double(),
  F18toF28 = col_double(),
  F28toF58 = col_double(),
  F18toF58 = col_double(),
  F18toF27 = col_double(),
  F27toF50 = col_double(),
  F18toF50 = col_double()
)
Warning messages:
1: Removed 161 rows containing non-finite values (stat_bin). 
2: Removed 565 rows containing non-finite values (stat_bin). 
3: Removed 713 rows containing non-finite values (stat_bin). 
4: Removed 172 rows containing non-finite values (stat_bin). 
5: Removed 13 rows containing non-finite values (stat_bin). 
