Parsed with column specification:
cols(
  CHR = col_character(),
  POS = col_double(),
  F18 = col_double(),
  F27 = col_double(),
  F28 = col_double(),
  F50 = col_double(),
  F58 = col_double(),
  BP = col_double(),
  tot = col_double(),
  BPcum = col_double()
)
Scale for 'y' is already present. Adding another scale for 'y', which will replace the existing scale.
Scale for 'y' is already present. Adding another scale for 'y', which will replace the existing scale.
Scale for 'y' is already present. Adding another scale for 'y', which will replace the existing scale.
Scale for 'y' is already present. Adding another scale for 'y', which will replace the existing scale.
Scale for 'y' is already present. Adding another scale for 'y', which will replace the existing scale.
Warning messages:
1: Removed 1036 rows containing missing values (geom_point). 
2: Removed 935 rows containing missing values (geom_point). 
3: Removed 1314 rows containing missing values (geom_point). 
4: Removed 894 rows containing missing values (geom_point). 
5: Removed 1260 rows containing missing values (geom_point). 
