Registered S3 methods overwritten by 'ggplot2':
  method         from 
  [.quosures     rlang
  c.quosures     rlang
  print.quosures rlang
Parsed with column specification:
cols(
  CHR = col_character(),
  POS = col_double(),
  F18 = col_double(),
  F27 = col_double(),
  F28 = col_double(),
  F50 = col_double(),
  F58 = col_double(),
  BP = col_double(),
  tot = col_double(),
  BPcum = col_double()
)
Error: StatBin requires a continuous x variable: the x variable is discrete. Perhaps you want stat="count"?
Execution halted
